<?xml version="1.0" encoding="UTF-8"?>
<!-- Generated by org.testng.reporters.JUnitReportReporter -->
<testsuite hostname="LAPTOP-S7EV4L7O" failures="0" tests="2" name="com.mycompany.app.my_selenium_app.NewTest" time="10.084" errors="0" timestamp="2022-08-11T09:53:39 IST" skipped="0">
  <testcase classname="com.mycompany.app.my_selenium_app.NewTest" name="launchChrome" time="10.079"/>
  <system-out/>
  <testcase classname="com.mycompany.app.my_selenium_app.NewTest" name="f" time="0.005"/>
  <system-out/>
</testsuite> <!-- com.mycompany.app.my_selenium_app.NewTest -->
