<?xml version="1.0" encoding="UTF-8"?>
<!-- Generated by org.testng.reporters.JUnitReportReporter -->
<testsuite hostname="LAPTOP-S7EV4L7O" failures="0" tests="1" name="com.mycompany.app.my_selenium_app.AppTest" time="0.009" errors="0" timestamp="2022-08-11T09:53:40 IST" skipped="0">
  <testcase classname="com.mycompany.app.my_selenium_app.AppTest" name="shouldAnswerWithTrue" time="0.009"/>
  <system-out/>
</testsuite> <!-- com.mycompany.app.my_selenium_app.AppTest -->
